Running: /CMC/tools/xilinx/13.4/ISE_DS/ISE/bin/lin64/unwrapped/fuse -intstyle ise -incremental -o /home/student1/bsadhra/COE 758/Non-Bricked Project/cachecontroller/cachetest_isim_beh.exe -prj /home/student1/bsadhra/COE 758/Non-Bricked Project/cachecontroller/cachetest_beh.prj work.cachetest 
ISim O.87xd (signature 0x8ddf5b5d)
Number of CPUs detected in this system: 8
Turning on mult-threading, number of parallel sub-compilation jobs: 16 
Determining compilation order of HDL files
Parsing VHDL file "/home/student1/bsadhra/COE 758/Non-Bricked Project/cachecontroller/sram.vhd" into library work
Parsing VHDL file "/home/student1/bsadhra/COE 758/Non-Bricked Project/cachecontroller/sdram_controller.vhd" into library work
Parsing VHDL file "/home/student1/bsadhra/COE 758/Non-Bricked Project/cachecontroller/CPU_gen.vhd" into library work
Parsing VHDL file "/home/student1/bsadhra/COE 758/Non-Bricked Project/cachecontroller/cache_controller.vhd" into library work
Parsing VHDL file "/home/student1/bsadhra/COE 758/Non-Bricked Project/cachecontroller/test_cache_controller.vhd" into library work
Starting static elaboration
WARNING:HDLCompiler:1242 - "/build/xfndry10/O.87xd/rtf/vhdl/src/ieee/numeric_std.vhd" Line 3181: Warning: "NUMERIC_STD.TO_INTEGER: metavalue detected, returning 0"
WARNING:HDLCompiler:1242 - "/build/xfndry10/O.87xd/rtf/vhdl/src/ieee/numeric_std.vhd" Line 3181: Warning: "NUMERIC_STD.TO_INTEGER: metavalue detected, returning 0"
Completed static elaboration
Fuse Memory Usage: 123188 KB
Fuse CPU Usage: 820 ms
Compiling package standard
Compiling package std_logic_1164
Compiling package numeric_std
Compiling package std_logic_arith
Compiling package std_logic_unsigned
Compiling architecture behavioral of entity CPU_gen [cpu_gen_default]
Compiling architecture behavioural of entity sram [sram_default]
Compiling architecture behavioural of entity sdram [sdram_default]
Compiling architecture behavioural of entity cacheController [cachecontroller_default]
Compiling architecture behavior of entity cachetest
Time Resolution for simulation is 1ps.
Waiting for 1 sub-compilation(s) to finish...
Compiled 14 VHDL Units
Built simulation executable /home/student1/bsadhra/COE 758/Non-Bricked Project/cachecontroller/cachetest_isim_beh.exe
Fuse Memory Usage: 1223676 KB
Fuse CPU Usage: 980 ms
GCC CPU Usage: 2590 ms
